\BOOKMARK [0][-]{chapter.1}{\376\377\000W\000p\000r\000o\000w\000a\000d\000z\000e\000n\000i\000e}{}% 1
\BOOKMARK [1][-]{section.1.1}{\376\377\000W\000s\000t\001\031\000p}{chapter.1}% 2
\BOOKMARK [1][-]{section.1.2}{\376\377\000P\000r\000z\000e\000g\000l\001\005\000d\000\040\000a\000k\000t\000u\000a\000l\000n\000y\000c\000h\000\040\000r\000o\000z\000w\000i\001\005\000z\000a\001\104}{chapter.1}% 3
\BOOKMARK [2][-]{subsection.1.2.1}{\376\377\000A\000n\000k\000i}{section.1.2}% 4
\BOOKMARK [2][-]{subsection.1.2.2}{\376\377\000L\000a\000n\000g\000u\000a\000g\000e\000\040\000R\000e\000a\000c\000t\000o\000r}{section.1.2}% 5
\BOOKMARK [2][-]{subsection.1.2.3}{\376\377\000T\000r\000a\000n\000c\000y}{section.1.2}% 6
\BOOKMARK [0][-]{chapter.2}{\376\377\000C\000e\000l\000\040\000i\000\040\000z\000a\000k\000r\000e\000s\000\040\000p\000r\000a\000c\000y}{}% 7
\BOOKMARK [1][-]{section.2.1}{\376\377\000C\000e\000l\000\040\000p\000r\000a\000c\000y}{chapter.2}% 8
\BOOKMARK [1][-]{section.2.2}{\376\377\000Z\000a\000k\000r\000e\000s\000\040\000p\000r\000a\000c\000y}{chapter.2}% 9
\BOOKMARK [0][-]{chapter.3}{\376\377\000P\000r\000o\000j\000e\000k\000t}{}% 10
\BOOKMARK [1][-]{section.3.1}{\376\377\000W\000p\000r\000o\000w\000a\000d\000z\000e\000n\000i\000e}{chapter.3}% 11
\BOOKMARK [1][-]{section.3.2}{\376\377\000P\000r\000z\000y\000p\000a\000d\000k\000i\000\040\000u\001\174\000y\000c\000i\000a}{chapter.3}% 12
\BOOKMARK [1][-]{section.3.3}{\376\377\000B\000a\000z\000a\000\040\000d\000a\000n\000y\000c\000h}{chapter.3}% 13
\BOOKMARK [2][-]{subsection.3.3.1}{\376\377\000W\000p\000r\000o\000w\000a\000d\000z\000e\000n\000i\000e}{section.3.3}% 14
\BOOKMARK [2][-]{subsection.3.3.2}{\376\377\000S\000t\000r\000u\000k\000t\000u\000r\000a}{section.3.3}% 15
\BOOKMARK [2][-]{subsection.3.3.3}{\376\377\000M\000e\000t\000o\000d\000y\000\040\000z\000a\000p\000o\000b\000i\000e\000g\000a\000n\000i\000a\000\040\000r\000e\000d\000u\000n\000d\000a\000n\000c\000j\000i\000\040\000d\000a\000n\000y\000c\000h}{section.3.3}% 16
\BOOKMARK [1][-]{section.3.4}{\376\377\000i\000n\000t\000e\000r\000f\000e\000j\000s\000\040\000u\001\174\000y\000t\000k\000o\000w\000n\000i\000k\000a}{chapter.3}% 17
\BOOKMARK [2][-]{subsection.3.4.1}{\376\377\000W\000i\000d\000o\000k\000\040\000s\000t\000a\000r\000t\000o\000w\000y}{section.3.4}% 18
\BOOKMARK [2][-]{subsection.3.4.2}{\376\377\000S\000t\000r\000o\000n\000a\000\040\000N\000a\000u\000k\000i}{section.3.4}% 19
\BOOKMARK [2][-]{subsection.3.4.3}{\376\377\000S\000t\000r\000o\000n\000a\000\040\000N\000a\000p\000i\000s\000\363\000w}{section.3.4}% 20
\BOOKMARK [2][-]{subsection.3.4.4}{\376\377\000S\000t\000r\000o\000n\000a\000\040\000S\001\102\000o\000w\000n\000i\000k\000a}{section.3.4}% 21
\BOOKMARK [2][-]{subsection.3.4.5}{\376\377\000S\000t\000r\000o\000n\000a\000\040\000S\000t\000a\000t\000y\000s\000t\000y\000k}{section.3.4}% 22
\BOOKMARK [2][-]{subsection.3.4.6}{\376\377\000S\000t\000r\000o\000n\000a\000\040\000l\000o\000g\000o\000w\000a\000n\000i\000a\000\040\000o\000r\000a\000z\000\040\000r\000e\000j\000e\000s\000t\000r\000a\000c\000j\000i}{section.3.4}% 23
\BOOKMARK [2][-]{subsection.3.4.7}{\376\377\000S\000t\000r\000o\000n\000a\000\040\000o\000g\000l\001\005\000d\000a\000n\000i\000a\000\040\000f\000i\000l\000m\000\363\000w}{section.3.4}% 24
\BOOKMARK [1][-]{section.3.5}{\376\377\000P\000o\000d\000s\000u\000m\000o\000w\000a\000n\000i\000e}{chapter.3}% 25
\BOOKMARK [0][-]{chapter.4}{\376\377\000I\000m\000p\000l\000e\000m\000e\000n\000t\000a\000c\000j\000a}{}% 26
\BOOKMARK [1][-]{section.4.1}{\376\377\000W\000p\000r\000o\000w\000a\000d\000z\000e\000n\000i\000e}{chapter.4}% 27
\BOOKMARK [1][-]{section.4.2}{\376\377\001\132\000r\000o\000d\000o\000w\000i\000s\000k\000o\000\040\000i\000\040\000n\000a\000r\000z\001\031\000d\000z\000i\000a\000\040\000p\000r\000o\000g\000r\000a\000m\000i\000s\000t\000y\000c\000z\000n\000e}{chapter.4}% 28
\BOOKMARK [2][-]{subsection.4.2.1}{\376\377\001\132\000r\000o\000d\000o\000w\000i\000s\000k\000o\000\040\000p\000r\000o\000g\000r\000a\000m\000i\000s\000t\000y\000c\000z\000n\000e}{section.4.2}% 29
\BOOKMARK [2][-]{subsection.4.2.2}{\376\377\000W\000y\000b\000\363\000r\000\040\000t\000e\000c\000h\000n\000o\000l\000o\000g\000i\000i}{section.4.2}% 30
\BOOKMARK [2][-]{subsection.4.2.3}{\376\377\000O\000p\000i\000s\000\040\000t\000e\000c\000h\000n\000o\000l\000o\000g\000i\000i}{section.4.2}% 31
\BOOKMARK [1][-]{section.4.3}{\376\377\000B\000a\000z\000a\000\040\000d\000a\000n\000y\000c\000h}{chapter.4}% 32
\BOOKMARK [1][-]{section.4.4}{\376\377\000B\000a\000c\000k\000e\000n\000d}{chapter.4}% 33
\BOOKMARK [2][-]{subsection.4.4.1}{\376\377\000S\000t\000r\000u\000k\000t\000u\000r\000a\000\040\000b\000a\000c\000k\000e\000n\000d\000u\000\040\000w\000\040\000N\000e\000x\000t\000.\000j\000s}{section.4.4}% 34
\BOOKMARK [2][-]{subsection.4.4.2}{\376\377\000S\000t\000r\000u\000k\000t\000u\000r\000a\000\040\000b\000a\000c\000k\000e\000n\000d\000u\000\040\000w\000\040\000F\000l\000a\000s\000k}{section.4.4}% 35
\BOOKMARK [2][-]{subsection.4.4.3}{\376\377\000L\000i\000b\000r\000e\000t\000T\000r\000a\000n\000s\000l\000a\000t\000e}{section.4.4}% 36
\BOOKMARK [1][-]{section.4.5}{\376\377\000F\000r\000o\000n\000t\000e\000n\000d}{chapter.4}% 37
\BOOKMARK [2][-]{subsection.4.5.1}{\376\377\000S\000t\000r\000u\000k\000t\000u\000r\000a\000\040\000p\000r\000o\000j\000e\000k\000t\000u}{section.4.5}% 38
\BOOKMARK [2][-]{subsection.4.5.2}{\376\377\000P\000a\000n\000e\000l\000\040\000n\000a\000u\000k\000i\000\040\000F\000i\000s\000z\000e\000k}{section.4.5}% 39
\BOOKMARK [1][-]{section.4.6}{\376\377\000P\000r\000o\000b\000l\000e\000m\000y\000\040\000i\000m\000p\000l\000e\000m\000e\000n\000t\000a\000c\000y\000j\000n\000e}{chapter.4}% 40
\BOOKMARK [2][-]{subsection.4.6.1}{\376\377\000W\000i\000r\000t\000u\000a\000l\000i\000z\000a\000c\000j\000a\000\040\000L\000i\000s\000t}{section.4.6}% 41
\BOOKMARK [2][-]{subsection.4.6.2}{\376\377\000P\000r\000z\000e\000t\000w\000a\000r\000z\000a\000n\000i\000e\000\040\000j\001\031\000z\000y\000k\000a\000\040\000n\000a\000t\000u\000r\000a\000l\000n\000e\000g\000o\000\040\000\050\000N\000L\000P\000\051}{section.4.6}% 42
\BOOKMARK [0][-]{chapter.5}{\376\377\000P\000o\000d\000s\000u\000m\000o\000w\000a\000n\000i\000e}{}% 43
\BOOKMARK [1][-]{section.5.1}{\376\377\000W\000n\000i\000o\000s\000k\000i}{chapter.5}% 44
\BOOKMARK [1][-]{section.5.2}{\376\377\000K\000i\000e\000r\000u\000n\000k\000i\000\040\000d\000a\000l\000s\000z\000e\000g\000o\000\040\000r\000o\000z\000w\000o\000j\000u}{chapter.5}% 45
\BOOKMARK [0][-]{section*.32}{\376\377\000B\000i\000b\000l\000i\000o\000g\000r\000a\000f\000i\000a}{}% 46
\BOOKMARK [0][-]{chapter*.34}{\376\377\000S\000p\000i\000s\000\040\000r\000y\000s\000u\000n\000k\000\363\000w}{}% 47
\BOOKMARK [0][-]{chapter*.35}{\376\377\000S\000p\000i\000s\000\040\000t\000a\000b\000e\000l}{}% 48
